<?xml version="1.0" encoding="UTF-8"?>
<!-- Generated by org.testng.reporters.JUnitReportReporter -->
<testsuite hostname="Prateeks-PC" name="SeleniumSingleton.LoginClass" tests="1" failures="0" timestamp="28 Sep 2021 15:16:01 GMT" time="14.652" errors="0">
  <testcase name="launchApp" time="14.652" classname="SeleniumSingleton.LoginClass"/>
</testsuite> <!-- SeleniumSingleton.LoginClass -->
